<?xml version="1.0" encoding="UTF-8" ?>
<testsuite errors="0" failures="0" hostname="INjhalaac.local" name="com.thoughtworks.biblioteca.BookTest" skipped="0" tests="4" time="0.223" timestamp="2015-09-14T17:12:09">
  <properties>
[...]
</properties>
  <testcase classname="com.thoughtworks.biblioteca.BookTest" name="shouldReturnEqualIfTheBookNameISEqual" time="0.163" />
  <testcase classname="com.thoughtworks.biblioteca.BookTest" name="shouldReturnDifferentHashCodeIfTwoBooksAreDifferent" time="0.0" />
  <testcase classname="com.thoughtworks.biblioteca.BookTest" name="shouldReturnEqualHasCodeIfTwoBooksAreSame" time="0.0" />
  <testcase classname="com.thoughtworks.biblioteca.BookTest" name="shouldReturnTheValidBookDetails" time="0.001" />
  <system-out><![CDATA[22:42:09,702 |-INFO in ch.qos.logback.classic.LoggerContext[default] - Could NOT find resource [logback.groovy]
22:42:09,702 |-INFO in ch.qos.logback.classic.LoggerContext[default] - Could NOT find resource [logback-test.xml]
22:42:09,703 |-INFO in ch.qos.logback.classic.LoggerContext[default] - Found resource [logback.xml] at [jar:file:/Users/jhalaac/Desktop/assignments/biblioteca_twu/lib/cobertura-2.1.1/cobertura-2.1.1-sources.jar!/logback.xml]
22:42:09,703 |-WARN in ch.qos.logback.classic.LoggerContext[default] - Resource [logback.xml] occurs multiple times on the classpath.
22:42:09,703 |-WARN in ch.qos.logback.classic.LoggerContext[default] - Resource [logback.xml] occurs at [jar:file:/Users/jhalaac/Desktop/assignments/biblioteca_twu/lib/cobertura-2.1.1/cobertura-2.1.1-sources.jar!/logback.xml]
22:42:09,703 |-WARN in ch.qos.logback.classic.LoggerContext[default] - Resource [logback.xml] occurs at [jar:file:/Users/jhalaac/Desktop/assignments/biblioteca_twu/lib/cobertura-2.1.1/cobertura-2.1.1.jar!/logback.xml]
22:42:09,721 |-INFO in ch.qos.logback.core.joran.spi.ConfigurationWatchList@4ccd37f3 - URL [jar:file:/Users/jhalaac/Desktop/assignments/biblioteca_twu/lib/cobertura-2.1.1/cobertura-2.1.1-sources.jar!/logback.xml] is not of type file
22:42:09,755 |-INFO in ch.qos.logback.classic.joran.action.ConfigurationAction - debug attribute not set
22:42:09,756 |-INFO in ch.qos.logback.core.joran.action.AppenderAction - About to instantiate appender of type [ch.qos.logback.core.ConsoleAppender]
22:42:09,764 |-INFO in ch.qos.logback.core.joran.action.AppenderAction - Naming appender as [STDOUT]
22:42:09,784 |-INFO in ch.qos.logback.core.joran.action.NestedComplexPropertyIA - Assuming default type [ch.qos.logback.classic.encoder.PatternLayoutEncoder] for [encoder] property
22:42:09,818 |-INFO in ch.qos.logback.classic.joran.action.LoggerAction - Setting level of logger [net.sourceforge.cobertura] to INFO
22:42:09,819 |-INFO in ch.qos.logback.classic.joran.action.RootLoggerAction - Setting level of ROOT logger to DEBUG
22:42:09,819 |-INFO in ch.qos.logback.core.joran.action.AppenderRefAction - Attaching appender named [STDOUT] to Logger[ROOT]
22:42:09,819 |-INFO in ch.qos.logback.classic.joran.action.ConfigurationAction - End of configuration.
22:42:09,820 |-INFO in ch.qos.logback.classic.joran.JoranConfigurator@351459e9 - Registering current configuration as safe fallback point

]]></system-out>
  <system-err><![CDATA[]]></system-err>
</testsuite>
